make.exe all --print-data-base --no-builtin-variables --no-builtin-rules --question
# GNU Make 3.82.90
# Built for i686-pc-mingw32
# Copyright (C) 1988-2012 Free Software Foundation, Inc.
# License GPLv3+: GNU GPL version 3 or later <http://gnu.org/licenses/gpl.html>
# This is free software: you are free to change and redistribute it.
# There is NO WARRANTY, to the extent permitted by law.
 

# Make data base, printed on Mon Feb 21 12:54:02 2022

# Variables

# automatic
<D = $(patsubst %/,%,$(patsubst %\,%,$(dir $<)))
# automatic
?F = $(notdir $?)
# default
.SHELLFLAGS := -c
# makefile
MAKEFLAGS = Rrqp
# environment
VSCODE_LOG_NATIVE = false
# automatic
?D = $(patsubst %/,%,$(patsubst %\,%,$(dir $?)))
# automatic
@D = $(patsubst %/,%,$(patsubst %\,%,$(dir $@)))
# environment
HOMEDRIVE = C:
# automatic
@F = $(notdir $@)
# automatic
^D = $(patsubst %/,%,$(patsubst %\,%,$(dir $^)))
# makefile
CURDIR := c:/Users/User/github-classroom/Innopolis-University-Classroom/lab-5-oop-bulatok
# default
SHELL := sh.exe
# environment
CLION = C:\Program Files\JetBrains\CLion 2021.2.2\bin;
# environment
WINDIR = C:\Windows
# environment
VSCODE_NLS_CONFIG = {"locale":"ru","availableLanguages":{"*":"ru"},"_languagePackId":"f285da8fcd0c728318ac417b7b600c3d.ru","_translationsConfigFile":"C:\\Users\\User\\AppData\\Roaming\\Code\\clp\\f285da8fcd0c728318ac417b7b600c3d.ru\\tcf.json","_cacheRoot":"C:\\Users\\User\\AppData\\Roaming\\Code\\clp\\f285da8fcd0c728318ac417b7b600c3d.ru","_resolvedLanguagePackCoreLocation":"C:\\Users\\User\\AppData\\Roaming\\Code\\clp\\f285da8fcd0c728318ac417b7b600c3d.ru\\f80445acd5a3dadef24aa209168452a3d97cc326","_corruptedFile":"C:\\Users\\User\\AppData\\Roaming\\Code\\clp\\f285da8fcd0c728318ac417b7b600c3d.ru\\corrupted.info","_languagePackSupport":true}
# environment
VBOX_MSI_INSTALL_PATH = C:\Program Files\Oracle\VirtualBox\
# environment
ONEDRIVE = C:\Users\User\OneDrive
# environment
PATHEXT = .COM;.EXE;.BAT;.CMD;.VBS;.VBE;.JS;.JSE;.WSF;.WSH;.MSC
# makefile (from 'makefile', line 1)
MAKEFILE_LIST :=  makefile
# environment
FPS_BROWSER_USER_PROFILE_STRING = Default
# environment
TMP = C:\Users\User\AppData\Local\Temp
# environment
VSCODE_VERBOSE_LOGGING = true
# environment
PROGRAMW6432 = C:\Program Files
# environment
PROGRAMDATA = C:\ProgramData
# environment
VSCODE_IPC_HOOK_EXTHOST = \\.\pipe\vscode-ipc-5cc7cfb8-e8f4-4979-bb2d-291155320c4e-sock
# environment
VSCODE_CWD = C:\Users\User\Desktop\tcs
# environment
PATH = C:\Program Files\Common Files\Oracle\Java\javapath;C:\Windows\system32;C:\Windows;C:\Windows\System32\Wbem;C:\Windows\System32\WindowsPowerShell\v1.0\;C:\Windows\System32\OpenSSH\;C:\Program Files (x86)\NVIDIA Corporation\PhysX\Common;C:\Program Files\Git\cmd;C:\Program Files\Go\bin;C:\Program Files\NVIDIA Corporation\NVIDIA NvDLISR;C:\Program Files\Docker\Docker\resources\bin;C:\ProgramData\DockerDesktop\version-bin;C:\Users\User\scoop\shims;C:\Users\User\AppData\Local\Programs\Python\Python310\Scripts\;C:\Users\User\AppData\Local\Programs\Python\Python310\;C:\Users\User\AppData\Local\Microsoft\WindowsApps;C:\Users\User\go\bin;C:\Program Files\JetBrains\CLion 2021.2.2\bin;;C:\MinGW\bin;C:\Users\User\AppData\Local\Programs\Python\Python310\Scripts;C:\Program Files\PostgreSQL\14\bin;;D:\IntelliJ IDEA Community Edition 2021.2.3\bin;;C:\Users\User\AppData\Local\Programs\Microsoft VS Code\bin;C:\Program Files\heroku\bin
# environment
COMMONPROGRAMW6432 = C:\Program Files\Common Files
# environment
PROCESSOR_ARCHITECTURE = x86
# environment
USERPROFILE = C:\Users\User
# environment
ALLUSERSPROFILE = C:\ProgramData
# environment
GOPATH = C:\Users\User\go
# environment
VSCODE_LOG_STACK = false
# environment
NUMBER_OF_PROCESSORS = 8
# environment
ELECTRON_RUN_AS_NODE = 1
# default
.FEATURES := target-specific order-only second-expansion else-if shortest-stem undefine oneshell archives jobserver
# automatic
%F = $(notdir $%)
# environment
CHROME_CRASHPAD_PIPE_NAME = \\.\pipe\crashpad_5684_TWMERCMYPHKGPVVY
# environment
VSCODE_PIPE_LOGGING = true
# environment
COMPUTERNAME = DESKTOP-2LPDKBD
# environment
PROGRAMFILES = C:\Program Files (x86)
# environment
DRIVERDATA = C:\Windows\System32\Drivers\DriverData
# environment
ORIGINAL_XDG_CURRENT_DESKTOP = undefined
# environment
USERNAME = User
# environment
PUBLIC = C:\Users\Public
# environment
VSCODE_AMD_ENTRYPOINT = vs/workbench/services/extensions/node/extensionHostProcess
# environment
VSCODE_CODE_CACHE_PATH = C:\Users\User\AppData\Roaming\Code\CachedData\f80445acd5a3dadef24aa209168452a3d97cc326
# environment
APPLICATION_INSIGHTS_NO_DIAGNOSTIC_CHANNEL = 1
# environment
COMMONPROGRAMFILES = C:\Program Files (x86)\Common Files
# environment
LOGONSERVER = \\DESKTOP-2LPDKBD
# environment
VSCODE_HANDLES_UNCAUGHT_ERRORS = true
# environment
USERDOMAIN = DESKTOP-2LPDKBD
# environment
MAKELEVEL := 0
# environment
INTELLIJ IDEA COMMUNITY EDITION = D:\IntelliJ IDEA Community Edition 2021.2.3\bin;
# default
MAKE = $(MAKE_COMMAND)
# default
MAKECMDGOALS := all
# default
MAKE_VERSION := 3.82.90
# makefile
.DEFAULT_GOAL := all
# environment
PROGRAMFILES(X86) = C:\Program Files (x86)
# automatic
%D = $(patsubst %/,%,$(patsubst %\,%,$(dir $%)))
# environment
LOCALAPPDATA = C:\Users\User\AppData\Local
# environment
PSMODULEPATH = C:\Program Files\WindowsPowerShell\Modules;C:\Windows\system32\WindowsPowerShell\v1.0\Modules
# default
MAKE_COMMAND := make.exe
# environment
PROCESSOR_ARCHITEW6432 = AMD64
# default
.VARIABLES := 
# automatic
*F = $(notdir $*)
# environment
PROCESSOR_IDENTIFIER = Intel64 Family 6 Model 158 Stepping 10, GenuineIntel
# environment
OS = Windows_NT
# environment
VSCODE_IPC_HOOK = \\.\pipe\ddf78b73f802b4b105ac4da8ec09dfcf-1.64.2-main-sock
# environment
HOMEPATH = \Users\User
# environment
COMMONPROGRAMFILES(X86) = C:\Program Files (x86)\Common Files
# environment
PROMPT = $P$G
# environment
MFLAGS = -Rrqp
# automatic
*D = $(patsubst %/,%,$(patsubst %\,%,$(dir $*)))
# environment
SYSTEMROOT = C:\Windows
# automatic
+D = $(patsubst %/,%,$(patsubst %\,%,$(dir $+)))
# automatic
+F = $(notdir $+)
# environment
APPDATA = C:\Users\User\AppData\Roaming
# environment
TEMP = C:\Users\User\AppData\Local\Temp
# environment
COMSPEC = C:\Windows\system32\cmd.exe
# default
MAKEFILES := 
# automatic
<F = $(notdir $<)
# environment
LC_ALL = C
# automatic
^F = $(notdir $^)
# default
SUFFIXES := 
# environment
SYSTEMDRIVE = C:
# environment
SESSIONNAME = Console
# environment
PROCESSOR_REVISION = 9e0a
# default
.RECIPEPREFIX := 
# environment
LANG = C
# environment
PROCESSOR_LEVEL = 6
# environment
FPS_BROWSER_APP_PROFILE_STRING = Internet Explorer
# environment
VSCODE_PID = 5684
# environment
USERDOMAIN_ROAMINGPROFILE = DESKTOP-2LPDKBD
# variable set hash-table stats:
# Load=94/1024=9%, Rehash=0, Collisions=11/115=10%

# Pattern-specific Variable Values

# No pattern-specific variable values.

# Directories

# : could not be stat'd.
# C:\ProgramData\DockerDesktop\version-bin: could not be stat'd.
# C:\Program Files\NVIDIA Corporation\NVIDIA NvDLISR (key C:/Program Files/NVIDIA Corporation/NVIDIA NvDLISR, mtime 1640178912): 5 files, no impossibilities.
# C:\Users\User\AppData\Local\Programs\Microsoft VS Code\bin (key C:/Users/User/AppData/Local/Programs/Microsoft VS Code/bin, mtime 1645382734): 4 files, no impossibilities.
# C:\Windows\System32\WindowsPowerShell\v1.0\ (key C:/Windows/System32/WindowsPowerShell/v1.0/, mtime 1605754494): 31 files, no impossibilities.
# . (key c:/Users/User/github-classroom/Innopolis-University-Classroom/lab-5-oop-bulatok, mtime 1645437172): 13 files, no impossibilities.
# C:\Program Files\PostgreSQL\14\bin (key C:/Program Files/PostgreSQL/14/bin, mtime 1634672606): 71 files, no impossibilities.
# C:\Users\User\AppData\Local\Programs\Python\Python310\Scripts\ (key C:/Users/User/AppData/Local/Programs/Python/Python310/Scripts/, mtime 1638651164): 7 files, no impossibilities.
# C:\Program Files\Docker\Docker\resources\bin (key C:/Program Files/Docker/Docker/resources/bin, mtime 1642248342): 13 files, no impossibilities.
# C:\Program Files\Git\cmd (key C:/Program Files/Git/cmd, mtime 1633804457): 8 files, no impossibilities.
# C:\Windows\System32\OpenSSH\: could not be stat'd.
# D:\IntelliJ IDEA Community Edition 2021.2.3\bin (key D:/IntelliJ IDEA Community Edition 2021.2.3/bin, mtime 1635160615): 31 files, no impossibilities.
# C:\MinGW\bin (key C:/MinGW/bin, mtime 1634379581): 8 files, no impossibilities.
# C:\Program Files (x86)\NVIDIA Corporation\PhysX\Common (key C:/Program Files (x86)/NVIDIA Corporation/PhysX/Common, mtime 1611002193): 10 files, no impossibilities.
# C:\Users\User\scoop\shims (key C:/Users/User/scoop/shims, mtime 1636753215): 8 files, no impossibilities.
# C:\Program Files\heroku\bin (key C:/Program Files/heroku/bin, mtime 1642504450): 4 files, no impossibilities.
# C:\Windows (key C:/Windows, mtime 1645201340): 117 files, no impossibilities.
# C:\Program Files\Go\bin (key C:/Program Files/Go/bin, mtime 1633804711): 4 files, no impossibilities.
# C:\Users\User\go\bin (key C:/Users/User/go/bin, mtime 1634485901): 4 files, no impossibilities.
# C:\Users\User\AppData\Local\Programs\Python\Python310\Scripts (key C:/Users/User/AppData/Local/Programs/Python/Python310/Scripts, mtime 1638651164): 7 files, no impossibilities.
# C:\Windows\System32\Wbem (key C:/Windows/System32/Wbem, mtime 1644591112): 155 files, no impossibilities.
# C:\Program Files\Common Files\Oracle\Java\javapath (key C:/Program Files/Common Files/Oracle/Java/javapath, mtime 1633815756): 6 files, no impossibilities.
# C:\Users\User\AppData\Local\Programs\Python\Python310\ (key C:/Users/User/AppData/Local/Programs/Python/Python310/, mtime 1634478096): 18 files, no impossibilities.
# C:\Windows\system32 (key C:/Windows/system32, mtime 1645237476): 2953 files, no impossibilities.
# C:\Program Files\JetBrains\CLion 2021.2.2\bin (key C:/Program Files/JetBrains/CLion 2021.2.2/bin, mtime 1633815215): 34 files, no impossibilities.
# C:\Users\User\AppData\Local\Microsoft\WindowsApps (key C:/Users/User/AppData/Local/Microsoft/WindowsApps, mtime 1644956214): 17 files, no impossibilities.

# 3528 files, no impossibilities in 26 directories.

# Implicit Rules

# No implicit rules.

# Files

all: clean test
#  Command line target.
#  Implicit rule search has been done.
#  File does not exist.
#  File has been updated.
#  Needs to be updated (-q is set).
# variable set hash-table stats:
# Load=0/32=0%, Rehash=0, Collisions=0/3=0%

appTests: tests.cpp lab02.hpp
#  Implicit rule search has not been done.
#  Modification time never checked.
#  File has not been updated.
#  recipe to execute (from 'makefile', line 4):
	g++ -fsanitize=address --std=c++17 tests.cpp -o appTests

# Not a target:
.SUFFIXES:
#  Implicit rule search has not been done.
#  Modification time never checked.
#  File has not been updated.

test: appTests
#  Implicit rule search has not been done.
#  Modification time never checked.
#  File has not been updated.
#  recipe to execute (from 'makefile', line 7):
	# executes all tests
	./appTests

# Not a target:
makefile:
#  Implicit rule search has been done.
#  Last modified 2022-02-21 12:52:09
#  File has been updated.
#  Successfully updated.

# Not a target:
.DEFAULT:
#  Implicit rule search has not been done.
#  Modification time never checked.
#  File has not been updated.

clean:
#  Implicit rule search has not been done.
#  Implicit/static pattern stem: ''
#  File does not exist.
#  File has been updated.
#  Needs to be updated (-q is set).
# automatic
# @ := clean
# automatic
# % := 
# automatic
# * := 
# automatic
# + := 
# automatic
# | := 
# automatic
# < := 
# automatic
# ^ := 
# automatic
# ? := 
# variable set hash-table stats:
# Load=8/32=25%, Rehash=0, Collisions=1/11=9%
#  recipe to execute (from 'makefile', line 11):
	rm -f appTests

# Not a target:
lab02.hpp:
#  Implicit rule search has not been done.
#  Modification time never checked.
#  File has not been updated.

# Not a target:
tests.cpp:
#  Implicit rule search has not been done.
#  Modification time never checked.
#  File has not been updated.

# files hash-table stats:
# Load=9/1024=1%, Rehash=0, Collisions=0/28=0%
# VPATH Search Paths

# No 'vpath' search paths.

# No general ('VPATH' variable) search path.

# strcache buffers: 7 (6) / strings = 3467 / storage = 52187 B / avg = 15 B
# current buf: size = 8174 B / used = 3174 B / count = 189 / avg = 16 B
# other used: total = 44013 B / count = 3278 / avg = 13 B
# other free: total = 31 B / max = 9 B / min = 3 B / avg = 5 B

# strcache performance: lookups = 3573 / hit rate = 2%
# hash-table stats:
# Load=3467/8192=42%, Rehash=0, Collisions=1194/3573=33%
# Finished Make data base on Mon Feb 21 12:54:02 2022

 
